0 info it worked if it ends with ok
1 verbose cli [ 'D:\\nodist\\v-x64\\10.13.0\\node.exe',
1 verbose cli   'D:\\nodist\\npmv\\4.0.5\\bin\\npm-cli.js',
1 verbose cli   'run',
1 verbose cli   'de' ]
2 info using npm@4.0.5
3 info using node@v10.13.0
4 verbose stack Error: missing script: de
4 verbose stack     at run (D:\nodist\npmv\4.0.5\lib\run-script.js:151:19)
4 verbose stack     at D:\nodist\npmv\4.0.5\lib\run-script.js:61:5
4 verbose stack     at D:\nodist\npmv\4.0.5\node_modules\read-package-json\read-json.js:356:5
4 verbose stack     at checkBinReferences_ (D:\nodist\npmv\4.0.5\node_modules\read-package-json\read-json.js:320:45)
4 verbose stack     at final (D:\nodist\npmv\4.0.5\node_modules\read-package-json\read-json.js:354:3)
4 verbose stack     at then (D:\nodist\npmv\4.0.5\node_modules\read-package-json\read-json.js:124:5)
4 verbose stack     at D:\nodist\npmv\4.0.5\node_modules\read-package-json\read-json.js:243:12
4 verbose stack     at D:\nodist\npmv\4.0.5\node_modules\graceful-fs\graceful-fs.js:78:16
4 verbose stack     at FSReqWrap.readFileAfterClose [as oncomplete] (internal/fs/read_file_context.js:53:3)
5 verbose cwd E:\job\node-website
6 error Windows_NT 10.0.17134
7 error argv "D:\\nodist\\v-x64\\10.13.0\\node.exe" "D:\\nodist\\npmv\\4.0.5\\bin\\npm-cli.js" "run" "de"
8 error node v10.13.0
9 error npm  v4.0.5
10 error missing script: de
11 error If you need help, you may report this error at:
11 error     <https://github.com/npm/npm/issues>
12 verbose exit [ 1, true ]
